<?xml version="1.0" encoding="UTF-8"?>
<!-- Generated by org.testng.reporters.JUnitXMLReporter -->
<testsuite ignored="0" hostname="DESKTOP-QAB7R0C" failures="0" tests="6" name="Test" time="0.087" errors="0" timestamp="2022-08-17T16:16:10 IST">
  <testcase classname="org.practice.Campaign" name="createCampaign" time="0.009"/>
  <testcase classname="org.practice1.Org" name="editOrgTest" time="0.006"/>
  <testcase classname="org.practice.Organization" name="createOrgTest" time="0.001"/>
  <testcase classname="org.practice.Customer" name="createcustomer" time="0.002"/>
  <testcase classname="org.practice1.Cust" name="editOrgTest" time="0.003"/>
  <testcase classname="org.practice1.Camp" name="editOrgTest" time="0.002"/>
</testsuite> <!-- Test -->
