<?xml version="1.0" encoding="UTF-8"?>
<!-- Generated by org.testng.reporters.JUnitXMLReporter -->
<testsuite ignored="0" hostname="DESKTOP-QAB7R0C" failures="0" tests="9" name="testRunner-2" time="0.118" errors="0" timestamp="2022-08-18T10:58:46 IST">
  <testcase classname="org.practice.Organization" name="createOrgTest" time="0.012"/>
  <testcase classname="org.practice.Organization" name="deleteOrgTest" time="0.001"/>
  <testcase classname="org.practice.Organization" name="modifyOrgTest" time="0.004"/>
  <testcase classname="org.practice.Customer" name="createcustomerTest" time="0.004"/>
  <testcase classname="org.practice.Customer" name="deletecustomerTest" time="0.008"/>
  <testcase classname="org.practice.Customer" name="modifycustomerTest" time="0.002"/>
  <testcase classname="org.practice1.Servises" name="deleteServisesTest" time="0.004"/>
  <testcase classname="org.practice1.Servises" name="editServisesTest" time="0.01"/>
  <testcase classname="org.practice1.Servises" name="modifyServisesTest" time="0.003"/>
</testsuite> <!-- testRunner-2 -->
