<?xml version="1.0" encoding="UTF-8"?>
<!-- Generated by org.testng.reporters.JUnitXMLReporter -->
<testsuite ignored="0" hostname="DESKTOP-QAB7R0C" failures="0" tests="9" name="testRunner-1" time="0.115" errors="0" timestamp="2022-08-18T10:58:46 IST">
  <testcase classname="org.practice.Campaign" name="createCampaignTest" time="0.012"/>
  <testcase classname="org.practice.Campaign" name="deleteCampaignTest" time="0.003"/>
  <testcase classname="org.practice.Campaign" name="modifyCampaignTest" time="0.002"/>
  <testcase classname="org.practice1.Order" name="createOrderTest" time="0.005"/>
  <testcase classname="org.practice1.Order" name="deleteOrderTest" time="0.001"/>
  <testcase classname="org.practice1.Order" name="modifyOrderTest" time="0.003"/>
  <testcase classname="org.practice1.Invoice" name="deleteInvoiceTest" time="0.002"/>
  <testcase classname="org.practice1.Invoice" name="editInvoiceTest" time="0.002"/>
  <testcase classname="org.practice1.Invoice" name="modifyInvoiceTest" time="0.005"/>
</testsuite> <!-- testRunner-1 -->
