<?xml version="1.0" encoding="UTF-8"?>
<!-- Generated by org.testng.reporters.JUnitXMLReporter -->
<testsuite ignored="9" hostname="DESKTOP-QAB7R0C" failures="0" tests="9" name="Test" time="0.142" errors="0" timestamp="2022-08-18T10:34:35 IST">
  <testcase classname="org.practice.Campaign" name="modifyCampaignTest" time="0.015"/>
  <testcase classname="org.practice1.Order" name="modifyOrderTest" time="0.002"/>
  <testcase classname="org.practice1.Invoice" name="deleteInvoiceTest" time="0.002"/>
  <testcase classname="org.practice1.Invoice" name="editInvoiceTest" time="0.002"/>
  <testcase classname="org.practice.Organization" name="deleteOrgTest" time="0.003"/>
  <testcase classname="org.practice.Customer" name="createcustomerTest" time="0.002"/>
  <testcase classname="org.practice.Customer" name="deletecustomerTest" time="0.002"/>
  <testcase classname="org.practice1.Servises" name="deleteServisesTest" time="0.004"/>
  <testcase classname="org.practice1.Servises" name="editServisesTest" time="0.001"/>
  <testcase classname="org.practice1.Invoice" name="modifyInvoiceTest" time="0.0">
    <ignored/>
  </testcase> <!-- modifyInvoiceTest -->
  <testcase classname="org.practice.Organization" name="modifyOrgTest" time="0.0">
    <ignored/>
  </testcase> <!-- modifyOrgTest -->
  <testcase classname="org.practice.Campaign" name="createCampaignTest" time="0.0">
    <ignored/>
  </testcase> <!-- createCampaignTest -->
  <testcase classname="org.practice.Campaign" name="deleteCampaignTest" time="0.0">
    <ignored/>
  </testcase> <!-- deleteCampaignTest -->
  <testcase classname="org.practice.Organization" name="createOrgTest" time="0.0">
    <ignored/>
  </testcase> <!-- createOrgTest -->
  <testcase classname="org.practice1.Order" name="deleteOrderTest" time="0.0">
    <ignored/>
  </testcase> <!-- deleteOrderTest -->
  <testcase classname="org.practice.Customer" name="modifycustomerTest" time="0.0">
    <ignored/>
  </testcase> <!-- modifycustomerTest -->
  <testcase classname="org.practice1.Servises" name="modifyServisesTest" time="0.0">
    <ignored/>
  </testcase> <!-- modifyServisesTest -->
  <testcase classname="org.practice1.Order" name="createOrderTest" time="0.0">
    <ignored/>
  </testcase> <!-- createOrderTest -->
</testsuite> <!-- Test -->
